{
  "stats": {
    "suites": 1,
    "tests": 3,
    "passes": 3,
    "pending": 0,
    "failures": 0,
    "start": "2021-09-08T05:37:16.278Z",
    "end": "2021-09-08T05:37:22.829Z",
    "duration": 6551,
    "testsRegistered": 3,
    "passPercent": 100,
    "pendingPercent": 0,
    "other": 0,
    "hasOther": false,
    "skipped": 0,
    "hasSkipped": false
  },
  "results": [
    {
      "uuid": "e3189bb0-aaf2-43cb-b727-9ab51c1e8452",
      "title": "",
      "fullFile": "cypress\\integration\\CadastrarUsuario.feature",
      "file": "cypress\\integration\\CadastrarUsuario.feature",
      "beforeHooks": [],
      "afterHooks": [],
      "tests": [],
      "suites": [
        {
          "uuid": "920b0a8d-25b2-44b5-9a14-1889a1312cbb",
          "title": "Cadastro de Usuário",
          "fullFile": "",
          "file": "",
          "beforeHooks": [],
          "afterHooks": [],
          "tests": [
            {
              "title": "Quando eu acionar a opção Cadastrar tendo preenchido os campos Nome, E-mail e Senha com dados válidos, o sistema deve exibir abaixo do formulário uma tabela com os dados do usuário informados anteriormente e a opção Excluir para cada um dos mesmos.",
              "fullTitle": "Cadastro de Usuário Quando eu acionar a opção Cadastrar tendo preenchido os campos Nome, E-mail e Senha com dados válidos, o sistema deve exibir abaixo do formulário uma tabela com os dados do usuário informados anteriormente e a opção Excluir para cada um dos mesmos.",
              "timedOut": null,
              "duration": 2993,
              "state": "passed",
              "speed": "slow",
              "pass": true,
              "fail": false,
              "pending": false,
              "context": null,
              "code": "const state = window.testState;\nreturn cy\n  .then(() => state.onStartScenario(scenario, indexedSteps))\n  .then(() =>\n    resolveAndRunBeforeHooks.call(this, scenario.tags, state.feature.name)\n  )\n  .then(() =>\n    indexedSteps.forEach((step) =>\n      stepTest.call(this, state, step, rowData)\n    )\n  )\n  .then(() => state.onFinishScenario(scenario));",
              "err": {},
              "uuid": "477b3c28-29a5-42c1-8ffc-e5e8abc49f36",
              "parentUUID": "920b0a8d-25b2-44b5-9a14-1889a1312cbb",
              "isHook": false,
              "skipped": false
            },
            {
              "title": "Quando eu cadastrar um usuário quero validar se os dados fornecidos e os dados salvos no cadastro conferem.",
              "fullTitle": "Cadastro de Usuário Quando eu cadastrar um usuário quero validar se os dados fornecidos e os dados salvos no cadastro conferem.",
              "timedOut": null,
              "duration": 115,
              "state": "passed",
              "speed": "slow",
              "pass": true,
              "fail": false,
              "pending": false,
              "context": null,
              "code": "const state = window.testState;\nreturn cy\n  .then(() => state.onStartScenario(scenario, indexedSteps))\n  .then(() =>\n    resolveAndRunBeforeHooks.call(this, scenario.tags, state.feature.name)\n  )\n  .then(() =>\n    indexedSteps.forEach((step) =>\n      stepTest.call(this, state, step, rowData)\n    )\n  )\n  .then(() => state.onFinishScenario(scenario));",
              "err": {},
              "uuid": "29bfc1ed-6734-428a-b362-d0e9cd0188cd",
              "parentUUID": "920b0a8d-25b2-44b5-9a14-1889a1312cbb",
              "isHook": false,
              "skipped": false
            },
            {
              "title": "Quando eu acionar a opção Excluir de um elemento da tabela de usuários, o sistema deve excluir a linha em questão, exibindo a tabela sem interferir nos ids dos demais itens e em sua ordenação.",
              "fullTitle": "Cadastro de Usuário Quando eu acionar a opção Excluir de um elemento da tabela de usuários, o sistema deve excluir a linha em questão, exibindo a tabela sem interferir nos ids dos demais itens e em sua ordenação.",
              "timedOut": null,
              "duration": 248,
              "state": "passed",
              "speed": "slow",
              "pass": true,
              "fail": false,
              "pending": false,
              "context": null,
              "code": "const state = window.testState;\nreturn cy\n  .then(() => state.onStartScenario(scenario, indexedSteps))\n  .then(() =>\n    resolveAndRunBeforeHooks.call(this, scenario.tags, state.feature.name)\n  )\n  .then(() =>\n    indexedSteps.forEach((step) =>\n      stepTest.call(this, state, step, rowData)\n    )\n  )\n  .then(() => state.onFinishScenario(scenario));",
              "err": {},
              "uuid": "c13cadb5-8227-495b-960b-9a70fe331fe7",
              "parentUUID": "920b0a8d-25b2-44b5-9a14-1889a1312cbb",
              "isHook": false,
              "skipped": false
            }
          ],
          "suites": [],
          "passes": [
            "477b3c28-29a5-42c1-8ffc-e5e8abc49f36",
            "29bfc1ed-6734-428a-b362-d0e9cd0188cd",
            "c13cadb5-8227-495b-960b-9a70fe331fe7"
          ],
          "failures": [],
          "pending": [],
          "skipped": [],
          "duration": 3356,
          "root": false,
          "rootEmpty": false,
          "_timeout": 2000
        }
      ],
      "passes": [],
      "failures": [],
      "pending": [],
      "skipped": [],
      "duration": 0,
      "root": true,
      "rootEmpty": true,
      "_timeout": 2000
    }
  ],
  "meta": {
    "mocha": {
      "version": "7.0.1"
    },
    "mochawesome": {
      "options": {
        "quiet": false,
        "reportFilename": "mochawesome",
        "saveHtml": false,
        "saveJson": true,
        "consoleReporter": "spec",
        "useInlineDiffs": false,
        "code": true
      },
      "version": "6.2.2"
    },
    "marge": {
      "options": {
        "reportDir": "cypress\\reports\\.jsons",
        "charts": true,
        "reportPageTitle": "My Test Suite",
        "embeddedScreenshots": true,
        "inlineAssets": true,
        "overwrite": false,
        "html": false,
        "json": true
      },
      "version": "5.2.0"
    }
  }
}