{
  "stats": {
    "suites": 1,
    "tests": 5,
    "passes": 5,
    "pending": 0,
    "failures": 0,
    "start": "2021-09-08T05:36:54.968Z",
    "end": "2021-09-08T05:37:09.423Z",
    "duration": 14455,
    "testsRegistered": 5,
    "passPercent": 100,
    "pendingPercent": 0,
    "other": 0,
    "hasOther": false,
    "skipped": 0,
    "hasSkipped": false
  },
  "results": [
    {
      "uuid": "b50fa7c4-3f40-40ab-81db-78d58849a077",
      "title": "",
      "fullFile": "cypress\\integration\\AssertsFormulario.feature",
      "file": "cypress\\integration\\AssertsFormulario.feature",
      "beforeHooks": [],
      "afterHooks": [],
      "tests": [],
      "suites": [
        {
          "uuid": "fb9854e1-0861-40d0-96fb-b319e01876ea",
          "title": "AssertsFormulario",
          "fullFile": "",
          "file": "",
          "beforeHooks": [],
          "afterHooks": [],
          "tests": [
            {
              "title": "Quando eu acessar o sistema devo visualizar os campos com valor inicial vazio.",
              "fullTitle": "AssertsFormulario Quando eu acessar o sistema devo visualizar os campos com valor inicial vazio.",
              "timedOut": null,
              "duration": 1936,
              "state": "passed",
              "speed": "slow",
              "pass": true,
              "fail": false,
              "pending": false,
              "context": null,
              "code": "const state = window.testState;\nreturn cy\n  .then(() => state.onStartScenario(scenario, indexedSteps))\n  .then(() =>\n    resolveAndRunBeforeHooks.call(this, scenario.tags, state.feature.name)\n  )\n  .then(() =>\n    indexedSteps.forEach((step) =>\n      stepTest.call(this, state, step, rowData)\n    )\n  )\n  .then(() => state.onFinishScenario(scenario));",
              "err": {},
              "uuid": "f24cdd30-2822-4e55-8b4d-d41f916f7216",
              "parentUUID": "fb9854e1-0861-40d0-96fb-b319e01876ea",
              "isHook": false,
              "skipped": false
            },
            {
              "title": "Quando eu acionar a opção Cadastrar sem preencher os campos, o sistema exibe uma mensagem de erro para cada um dos campos.",
              "fullTitle": "AssertsFormulario Quando eu acionar a opção Cadastrar sem preencher os campos, o sistema exibe uma mensagem de erro para cada um dos campos.",
              "timedOut": null,
              "duration": 802,
              "state": "passed",
              "speed": "slow",
              "pass": true,
              "fail": false,
              "pending": false,
              "context": null,
              "code": "const state = window.testState;\nreturn cy\n  .then(() => state.onStartScenario(scenario, indexedSteps))\n  .then(() =>\n    resolveAndRunBeforeHooks.call(this, scenario.tags, state.feature.name)\n  )\n  .then(() =>\n    indexedSteps.forEach((step) =>\n      stepTest.call(this, state, step, rowData)\n    )\n  )\n  .then(() => state.onFinishScenario(scenario));",
              "err": {},
              "uuid": "1f9dff78-82b1-4619-a4aa-93c84fdb1a1e",
              "parentUUID": "fb9854e1-0861-40d0-96fb-b319e01876ea",
              "isHook": false,
              "skipped": false
            },
            {
              "title": "Quando eu acionar a opção Cadastrar tendo preenchido o campo Nome com apenas o primeiro nome, o sistema exibe a mensagem \"Por favor, insira um nome completo.\" para o campo Nome.",
              "fullTitle": "AssertsFormulario Quando eu acionar a opção Cadastrar tendo preenchido o campo Nome com apenas o primeiro nome, o sistema exibe a mensagem \"Por favor, insira um nome completo.\" para o campo Nome.",
              "timedOut": null,
              "duration": 1707,
              "state": "passed",
              "speed": "slow",
              "pass": true,
              "fail": false,
              "pending": false,
              "context": null,
              "code": "const state = window.testState;\nreturn cy\n  .then(() => state.onStartScenario(scenario, indexedSteps))\n  .then(() =>\n    resolveAndRunBeforeHooks.call(this, scenario.tags, state.feature.name)\n  )\n  .then(() =>\n    indexedSteps.forEach((step) =>\n      stepTest.call(this, state, step, rowData)\n    )\n  )\n  .then(() => state.onFinishScenario(scenario));",
              "err": {},
              "uuid": "5881edd1-7e43-4957-af7c-d28f37f45c8b",
              "parentUUID": "fb9854e1-0861-40d0-96fb-b319e01876ea",
              "isHook": false,
              "skipped": false
            },
            {
              "title": "Quando eu acionar a opção Cadastrar tendo preenchido o campo E-mail com um e-mail inválido, o sistema deve exibir a mensagem \"Por favor, insira um e-mail válido.\" Para o campo E-mail.",
              "fullTitle": "AssertsFormulario Quando eu acionar a opção Cadastrar tendo preenchido o campo E-mail com um e-mail inválido, o sistema deve exibir a mensagem \"Por favor, insira um e-mail válido.\" Para o campo E-mail.",
              "timedOut": null,
              "duration": 2681,
              "state": "passed",
              "speed": "slow",
              "pass": true,
              "fail": false,
              "pending": false,
              "context": null,
              "code": "const state = window.testState;\nreturn cy\n  .then(() => state.onStartScenario(scenario, indexedSteps))\n  .then(() =>\n    resolveAndRunBeforeHooks.call(this, scenario.tags, state.feature.name)\n  )\n  .then(() =>\n    indexedSteps.forEach((step) =>\n      stepTest.call(this, state, step, rowData)\n    )\n  )\n  .then(() => state.onFinishScenario(scenario));",
              "err": {},
              "uuid": "7d0b6ccc-d295-4343-b217-5f10d978168d",
              "parentUUID": "fb9854e1-0861-40d0-96fb-b319e01876ea",
              "isHook": false,
              "skipped": false
            },
            {
              "title": "Quando eu acionar a opção Cadastrar tendo preenchido o campo Senha com um menos de 8 caracteres, o sistema deve exibir a mensagem \"A senha deve conter ao menos 8 caracteres.\" Para o campo Senha.",
              "fullTitle": "AssertsFormulario Quando eu acionar a opção Cadastrar tendo preenchido o campo Senha com um menos de 8 caracteres, o sistema deve exibir a mensagem \"A senha deve conter ao menos 8 caracteres.\" Para o campo Senha.",
              "timedOut": null,
              "duration": 2376,
              "state": "passed",
              "speed": "slow",
              "pass": true,
              "fail": false,
              "pending": false,
              "context": null,
              "code": "const state = window.testState;\nreturn cy\n  .then(() => state.onStartScenario(scenario, indexedSteps))\n  .then(() =>\n    resolveAndRunBeforeHooks.call(this, scenario.tags, state.feature.name)\n  )\n  .then(() =>\n    indexedSteps.forEach((step) =>\n      stepTest.call(this, state, step, rowData)\n    )\n  )\n  .then(() => state.onFinishScenario(scenario));",
              "err": {},
              "uuid": "105d320b-f2e7-4da3-96cc-632c105aeca3",
              "parentUUID": "fb9854e1-0861-40d0-96fb-b319e01876ea",
              "isHook": false,
              "skipped": false
            }
          ],
          "suites": [],
          "passes": [
            "f24cdd30-2822-4e55-8b4d-d41f916f7216",
            "1f9dff78-82b1-4619-a4aa-93c84fdb1a1e",
            "5881edd1-7e43-4957-af7c-d28f37f45c8b",
            "7d0b6ccc-d295-4343-b217-5f10d978168d",
            "105d320b-f2e7-4da3-96cc-632c105aeca3"
          ],
          "failures": [],
          "pending": [],
          "skipped": [],
          "duration": 9502,
          "root": false,
          "rootEmpty": false,
          "_timeout": 2000
        }
      ],
      "passes": [],
      "failures": [],
      "pending": [],
      "skipped": [],
      "duration": 0,
      "root": true,
      "rootEmpty": true,
      "_timeout": 2000
    }
  ],
  "meta": {
    "mocha": {
      "version": "7.0.1"
    },
    "mochawesome": {
      "options": {
        "quiet": false,
        "reportFilename": "mochawesome",
        "saveHtml": false,
        "saveJson": true,
        "consoleReporter": "spec",
        "useInlineDiffs": false,
        "code": true
      },
      "version": "6.2.2"
    },
    "marge": {
      "options": {
        "reportDir": "cypress\\reports\\.jsons",
        "charts": true,
        "reportPageTitle": "My Test Suite",
        "embeddedScreenshots": true,
        "inlineAssets": true,
        "overwrite": false,
        "html": false,
        "json": true
      },
      "version": "5.2.0"
    }
  }
}