{
  "stats": {
    "suites": 1,
    "tests": 5,
    "passes": 5,
    "pending": 0,
    "failures": 0,
    "start": "2021-09-08T18:27:57.929Z",
    "end": "2021-09-08T18:28:11.155Z",
    "duration": 13226,
    "testsRegistered": 5,
    "passPercent": 100,
    "pendingPercent": 0,
    "other": 0,
    "hasOther": false,
    "skipped": 0,
    "hasSkipped": false
  },
  "results": [
    {
      "uuid": "6f49e156-46a0-4ab8-9144-32d9bfb487d6",
      "title": "",
      "fullFile": "cypress\\integration\\AssertsFormulario.feature",
      "file": "cypress\\integration\\AssertsFormulario.feature",
      "beforeHooks": [],
      "afterHooks": [],
      "tests": [],
      "suites": [
        {
          "uuid": "82ebebbb-1657-43fb-8962-50cd96571be4",
          "title": "AssertsFormulario",
          "fullFile": "",
          "file": "",
          "beforeHooks": [],
          "afterHooks": [],
          "tests": [
            {
              "title": "Quando eu acessar o sistema devo visualizar os campos com valor inicial vazio.",
              "fullTitle": "AssertsFormulario Quando eu acessar o sistema devo visualizar os campos com valor inicial vazio.",
              "timedOut": null,
              "duration": 1925,
              "state": "passed",
              "speed": "slow",
              "pass": true,
              "fail": false,
              "pending": false,
              "context": null,
              "code": "const state = window.testState;\nreturn cy\n  .then(() => state.onStartScenario(scenario, indexedSteps))\n  .then(() =>\n    resolveAndRunBeforeHooks.call(this, scenario.tags, state.feature.name)\n  )\n  .then(() =>\n    indexedSteps.forEach((step) =>\n      stepTest.call(this, state, step, rowData)\n    )\n  )\n  .then(() => state.onFinishScenario(scenario));",
              "err": {},
              "uuid": "08ba68fd-4e31-4e1e-9754-4287db9af34f",
              "parentUUID": "82ebebbb-1657-43fb-8962-50cd96571be4",
              "isHook": false,
              "skipped": false
            },
            {
              "title": "Quando eu acionar a opção Cadastrar sem preencher os campos, o sistema exibe uma mensagem de erro para cada um dos campos.",
              "fullTitle": "AssertsFormulario Quando eu acionar a opção Cadastrar sem preencher os campos, o sistema exibe uma mensagem de erro para cada um dos campos.",
              "timedOut": null,
              "duration": 614,
              "state": "passed",
              "speed": "slow",
              "pass": true,
              "fail": false,
              "pending": false,
              "context": null,
              "code": "const state = window.testState;\nreturn cy\n  .then(() => state.onStartScenario(scenario, indexedSteps))\n  .then(() =>\n    resolveAndRunBeforeHooks.call(this, scenario.tags, state.feature.name)\n  )\n  .then(() =>\n    indexedSteps.forEach((step) =>\n      stepTest.call(this, state, step, rowData)\n    )\n  )\n  .then(() => state.onFinishScenario(scenario));",
              "err": {},
              "uuid": "8b14f5c5-e8f2-4f87-98e2-3bb3ca93be5b",
              "parentUUID": "82ebebbb-1657-43fb-8962-50cd96571be4",
              "isHook": false,
              "skipped": false
            },
            {
              "title": "Quando eu acionar a opção Cadastrar tendo preenchido o campo Nome com apenas o primeiro nome, o sistema exibe a mensagem \"Por favor, insira um nome completo.\" para o campo Nome.",
              "fullTitle": "AssertsFormulario Quando eu acionar a opção Cadastrar tendo preenchido o campo Nome com apenas o primeiro nome, o sistema exibe a mensagem \"Por favor, insira um nome completo.\" para o campo Nome.",
              "timedOut": null,
              "duration": 1709,
              "state": "passed",
              "speed": "slow",
              "pass": true,
              "fail": false,
              "pending": false,
              "context": null,
              "code": "const state = window.testState;\nreturn cy\n  .then(() => state.onStartScenario(scenario, indexedSteps))\n  .then(() =>\n    resolveAndRunBeforeHooks.call(this, scenario.tags, state.feature.name)\n  )\n  .then(() =>\n    indexedSteps.forEach((step) =>\n      stepTest.call(this, state, step, rowData)\n    )\n  )\n  .then(() => state.onFinishScenario(scenario));",
              "err": {},
              "uuid": "3632c3d3-ad95-4f7e-8e36-12943f21cb83",
              "parentUUID": "82ebebbb-1657-43fb-8962-50cd96571be4",
              "isHook": false,
              "skipped": false
            },
            {
              "title": "Quando eu acionar a opção Cadastrar tendo preenchido o campo E-mail com um e-mail inválido, o sistema deve exibir a mensagem \"Por favor, insira um e-mail válido.\" Para o campo E-mail.",
              "fullTitle": "AssertsFormulario Quando eu acionar a opção Cadastrar tendo preenchido o campo E-mail com um e-mail inválido, o sistema deve exibir a mensagem \"Por favor, insira um e-mail válido.\" Para o campo E-mail.",
              "timedOut": null,
              "duration": 2620,
              "state": "passed",
              "speed": "slow",
              "pass": true,
              "fail": false,
              "pending": false,
              "context": null,
              "code": "const state = window.testState;\nreturn cy\n  .then(() => state.onStartScenario(scenario, indexedSteps))\n  .then(() =>\n    resolveAndRunBeforeHooks.call(this, scenario.tags, state.feature.name)\n  )\n  .then(() =>\n    indexedSteps.forEach((step) =>\n      stepTest.call(this, state, step, rowData)\n    )\n  )\n  .then(() => state.onFinishScenario(scenario));",
              "err": {},
              "uuid": "9a438e5b-e519-4dbb-a4f8-234122b02ee4",
              "parentUUID": "82ebebbb-1657-43fb-8962-50cd96571be4",
              "isHook": false,
              "skipped": false
            },
            {
              "title": "Quando eu acionar a opção Cadastrar tendo preenchido o campo Senha com um menos de 8 caracteres, o sistema deve exibir a mensagem \"A senha deve conter ao menos 8 caracteres.\" Para o campo Senha.",
              "fullTitle": "AssertsFormulario Quando eu acionar a opção Cadastrar tendo preenchido o campo Senha com um menos de 8 caracteres, o sistema deve exibir a mensagem \"A senha deve conter ao menos 8 caracteres.\" Para o campo Senha.",
              "timedOut": null,
              "duration": 2156,
              "state": "passed",
              "speed": "slow",
              "pass": true,
              "fail": false,
              "pending": false,
              "context": null,
              "code": "const state = window.testState;\nreturn cy\n  .then(() => state.onStartScenario(scenario, indexedSteps))\n  .then(() =>\n    resolveAndRunBeforeHooks.call(this, scenario.tags, state.feature.name)\n  )\n  .then(() =>\n    indexedSteps.forEach((step) =>\n      stepTest.call(this, state, step, rowData)\n    )\n  )\n  .then(() => state.onFinishScenario(scenario));",
              "err": {},
              "uuid": "c4fdc6eb-6eeb-412f-a51a-aac0bd802ee3",
              "parentUUID": "82ebebbb-1657-43fb-8962-50cd96571be4",
              "isHook": false,
              "skipped": false
            }
          ],
          "suites": [],
          "passes": [
            "08ba68fd-4e31-4e1e-9754-4287db9af34f",
            "8b14f5c5-e8f2-4f87-98e2-3bb3ca93be5b",
            "3632c3d3-ad95-4f7e-8e36-12943f21cb83",
            "9a438e5b-e519-4dbb-a4f8-234122b02ee4",
            "c4fdc6eb-6eeb-412f-a51a-aac0bd802ee3"
          ],
          "failures": [],
          "pending": [],
          "skipped": [],
          "duration": 9024,
          "root": false,
          "rootEmpty": false,
          "_timeout": 2000
        }
      ],
      "passes": [],
      "failures": [],
      "pending": [],
      "skipped": [],
      "duration": 0,
      "root": true,
      "rootEmpty": true,
      "_timeout": 2000
    }
  ],
  "meta": {
    "mocha": {
      "version": "7.0.1"
    },
    "mochawesome": {
      "options": {
        "quiet": false,
        "reportFilename": "mochawesome",
        "saveHtml": false,
        "saveJson": true,
        "consoleReporter": "spec",
        "useInlineDiffs": false,
        "code": true
      },
      "version": "6.2.2"
    },
    "marge": {
      "options": {
        "reportDir": "cypress/report/mochawesome-report",
        "overwrite": false,
        "html": false,
        "json": true,
        "timestamp": "mmddyyyy_HHMMss",
        "reportTitle": "Relatório Cadastro",
        "cdn": true,
        "charts": true
      },
      "version": "5.2.0"
    }
  }
}