{
  "stats": {
    "suites": 1,
    "tests": 2,
    "passes": 2,
    "pending": 0,
    "failures": 0,
    "start": "2021-09-16T19:18:53.203Z",
    "end": "2021-09-16T19:19:03.561Z",
    "duration": 10358,
    "testsRegistered": 2,
    "passPercent": 100,
    "pendingPercent": 0,
    "other": 0,
    "hasOther": false,
    "skipped": 0,
    "hasSkipped": false
  },
  "results": [
    {
      "uuid": "49e2ab30-8c81-4ff4-a2bb-ef50ab3cf0ff",
      "title": "",
      "fullFile": "cypress\\integration\\CadastrarUsuario.feature",
      "file": "cypress\\integration\\CadastrarUsuario.feature",
      "beforeHooks": [],
      "afterHooks": [],
      "tests": [],
      "suites": [
        {
          "uuid": "882c2a9d-8603-49dd-b4ab-a02c33c0c2cf",
          "title": "Cadastro de Usuário",
          "fullFile": "",
          "file": "",
          "beforeHooks": [],
          "afterHooks": [],
          "tests": [
            {
              "title": "Dado que eu cadastre um usuário, sistema deve exibe usuário em tabela",
              "fullTitle": "Cadastro de Usuário Dado que eu cadastre um usuário, sistema deve exibe usuário em tabela",
              "timedOut": null,
              "duration": 6103,
              "state": "passed",
              "speed": "slow",
              "pass": true,
              "fail": false,
              "pending": false,
              "context": null,
              "code": "const state = window.testState;\nreturn cy\n  .then(() => state.onStartScenario(scenario, indexedSteps))\n  .then(() =>\n    resolveAndRunBeforeHooks.call(this, scenario.tags, state.feature.name)\n  )\n  .then(() =>\n    indexedSteps.forEach((step) =>\n      stepTest.call(this, state, step, rowData)\n    )\n  )\n  .then(() => state.onFinishScenario(scenario));",
              "err": {},
              "uuid": "f949b408-e56c-4484-9de8-697542203156",
              "parentUUID": "882c2a9d-8603-49dd-b4ab-a02c33c0c2cf",
              "isHook": false,
              "skipped": false
            },
            {
              "title": "Dado que eu acione a opção excluir, sistema deve remover usuário",
              "fullTitle": "Cadastro de Usuário Dado que eu acione a opção excluir, sistema deve remover usuário",
              "timedOut": null,
              "duration": 768,
              "state": "passed",
              "speed": "slow",
              "pass": true,
              "fail": false,
              "pending": false,
              "context": null,
              "code": "const state = window.testState;\nreturn cy\n  .then(() => state.onStartScenario(scenario, indexedSteps))\n  .then(() =>\n    resolveAndRunBeforeHooks.call(this, scenario.tags, state.feature.name)\n  )\n  .then(() =>\n    indexedSteps.forEach((step) =>\n      stepTest.call(this, state, step, rowData)\n    )\n  )\n  .then(() => state.onFinishScenario(scenario));",
              "err": {},
              "uuid": "82c3dd9a-fe43-4bc2-a84e-25b86b9a58f4",
              "parentUUID": "882c2a9d-8603-49dd-b4ab-a02c33c0c2cf",
              "isHook": false,
              "skipped": false
            }
          ],
          "suites": [],
          "passes": [
            "f949b408-e56c-4484-9de8-697542203156",
            "82c3dd9a-fe43-4bc2-a84e-25b86b9a58f4"
          ],
          "failures": [],
          "pending": [],
          "skipped": [],
          "duration": 6871,
          "root": false,
          "rootEmpty": false,
          "_timeout": 2000
        }
      ],
      "passes": [],
      "failures": [],
      "pending": [],
      "skipped": [],
      "duration": 0,
      "root": true,
      "rootEmpty": true,
      "_timeout": 2000
    }
  ],
  "meta": {
    "mocha": {
      "version": "7.0.1"
    },
    "mochawesome": {
      "options": {
        "quiet": false,
        "reportFilename": "mochawesome",
        "saveHtml": false,
        "saveJson": true,
        "consoleReporter": "spec",
        "useInlineDiffs": false,
        "code": true
      },
      "version": "6.2.2"
    },
    "marge": {
      "options": {
        "reportDir": "cypress/report/mochawesome-report",
        "overwrite": false,
        "html": false,
        "json": true,
        "timestamp": "mmddyyyy_HHMMss",
        "reportTitle": "Relatório Cadastro",
        "cdn": true,
        "charts": true
      },
      "version": "5.2.0"
    }
  }
}