{
  "stats": {
    "suites": 1,
    "tests": 3,
    "passes": 3,
    "pending": 0,
    "failures": 0,
    "start": "2021-09-08T18:28:26.173Z",
    "end": "2021-09-08T18:28:32.656Z",
    "duration": 6483,
    "testsRegistered": 3,
    "passPercent": 100,
    "pendingPercent": 0,
    "other": 0,
    "hasOther": false,
    "skipped": 0,
    "hasSkipped": false
  },
  "results": [
    {
      "uuid": "ae3e9f5c-fae0-4680-bdf1-25418e557a83",
      "title": "",
      "fullFile": "cypress\\integration\\CadastrarUsuario.feature",
      "file": "cypress\\integration\\CadastrarUsuario.feature",
      "beforeHooks": [],
      "afterHooks": [],
      "tests": [],
      "suites": [
        {
          "uuid": "ce58bae8-f631-4548-bc42-f978b5106887",
          "title": "Cadastro de Usuário",
          "fullFile": "",
          "file": "",
          "beforeHooks": [],
          "afterHooks": [],
          "tests": [
            {
              "title": "Quando eu acionar a opção Cadastrar tendo preenchido os campos Nome, E-mail e Senha com dados válidos, o sistema deve exibir abaixo do formulário uma tabela com os dados do usuário informados anteriormente e a opção Excluir para cada um dos mesmos.",
              "fullTitle": "Cadastro de Usuário Quando eu acionar a opção Cadastrar tendo preenchido os campos Nome, E-mail e Senha com dados válidos, o sistema deve exibir abaixo do formulário uma tabela com os dados do usuário informados anteriormente e a opção Excluir para cada um dos mesmos.",
              "timedOut": null,
              "duration": 2692,
              "state": "passed",
              "speed": "slow",
              "pass": true,
              "fail": false,
              "pending": false,
              "context": null,
              "code": "const state = window.testState;\nreturn cy\n  .then(() => state.onStartScenario(scenario, indexedSteps))\n  .then(() =>\n    resolveAndRunBeforeHooks.call(this, scenario.tags, state.feature.name)\n  )\n  .then(() =>\n    indexedSteps.forEach((step) =>\n      stepTest.call(this, state, step, rowData)\n    )\n  )\n  .then(() => state.onFinishScenario(scenario));",
              "err": {},
              "uuid": "e896a4eb-29cf-4808-bcd5-118a4f8eea28",
              "parentUUID": "ce58bae8-f631-4548-bc42-f978b5106887",
              "isHook": false,
              "skipped": false
            },
            {
              "title": "Quando eu cadastrar um usuário quero validar se os dados fornecidos e os dados salvos no cadastro conferem.",
              "fullTitle": "Cadastro de Usuário Quando eu cadastrar um usuário quero validar se os dados fornecidos e os dados salvos no cadastro conferem.",
              "timedOut": null,
              "duration": 151,
              "state": "passed",
              "speed": "slow",
              "pass": true,
              "fail": false,
              "pending": false,
              "context": null,
              "code": "const state = window.testState;\nreturn cy\n  .then(() => state.onStartScenario(scenario, indexedSteps))\n  .then(() =>\n    resolveAndRunBeforeHooks.call(this, scenario.tags, state.feature.name)\n  )\n  .then(() =>\n    indexedSteps.forEach((step) =>\n      stepTest.call(this, state, step, rowData)\n    )\n  )\n  .then(() => state.onFinishScenario(scenario));",
              "err": {},
              "uuid": "2fd08fe6-dc71-4e73-901f-4947d44c4ac2",
              "parentUUID": "ce58bae8-f631-4548-bc42-f978b5106887",
              "isHook": false,
              "skipped": false
            },
            {
              "title": "Quando eu acionar a opção Excluir de um elemento da tabela de usuários, o sistema deve excluir a linha em questão, exibindo a tabela sem interferir nos ids dos demais itens e em sua ordenação.",
              "fullTitle": "Cadastro de Usuário Quando eu acionar a opção Excluir de um elemento da tabela de usuários, o sistema deve excluir a linha em questão, exibindo a tabela sem interferir nos ids dos demais itens e em sua ordenação.",
              "timedOut": null,
              "duration": 162,
              "state": "passed",
              "speed": "slow",
              "pass": true,
              "fail": false,
              "pending": false,
              "context": null,
              "code": "const state = window.testState;\nreturn cy\n  .then(() => state.onStartScenario(scenario, indexedSteps))\n  .then(() =>\n    resolveAndRunBeforeHooks.call(this, scenario.tags, state.feature.name)\n  )\n  .then(() =>\n    indexedSteps.forEach((step) =>\n      stepTest.call(this, state, step, rowData)\n    )\n  )\n  .then(() => state.onFinishScenario(scenario));",
              "err": {},
              "uuid": "5a1b81b3-5d66-4ac6-befb-ab3e59aa3313",
              "parentUUID": "ce58bae8-f631-4548-bc42-f978b5106887",
              "isHook": false,
              "skipped": false
            }
          ],
          "suites": [],
          "passes": [
            "e896a4eb-29cf-4808-bcd5-118a4f8eea28",
            "2fd08fe6-dc71-4e73-901f-4947d44c4ac2",
            "5a1b81b3-5d66-4ac6-befb-ab3e59aa3313"
          ],
          "failures": [],
          "pending": [],
          "skipped": [],
          "duration": 3005,
          "root": false,
          "rootEmpty": false,
          "_timeout": 2000
        }
      ],
      "passes": [],
      "failures": [],
      "pending": [],
      "skipped": [],
      "duration": 0,
      "root": true,
      "rootEmpty": true,
      "_timeout": 2000
    }
  ],
  "meta": {
    "mocha": {
      "version": "7.0.1"
    },
    "mochawesome": {
      "options": {
        "quiet": false,
        "reportFilename": "mochawesome",
        "saveHtml": false,
        "saveJson": true,
        "consoleReporter": "spec",
        "useInlineDiffs": false,
        "code": true
      },
      "version": "6.2.2"
    },
    "marge": {
      "options": {
        "reportDir": "cypress/report/mochawesome-report",
        "overwrite": false,
        "html": false,
        "json": true,
        "timestamp": "mmddyyyy_HHMMss",
        "reportTitle": "Relatório Cadastro",
        "cdn": true,
        "charts": true
      },
      "version": "5.2.0"
    }
  }
}